001-009
001-010
001-021
001-022
001-035
001-036
001-042
001-043
001-055
001-056
001-059
001-064
001-073
001-074
001-075
001-077
001-079
001-082
001-083
001-084
001-090
001-096
001-100
001-104
001-111
001-113
001-117
001-120
001-123
001-126
001-128
001-132
001-141
001-142
001-143
001-144
001-146
001-150
001-175
001-181
001-183
001-199
001-202
001-230
001-234
001-235
001-237
001-238
001-240
001-247
001-248
001-255
001-258
001-260
001-261
001-263
001-265
001-288
001-430
003-013
003-014
003-017
003-021
003-023
003-026
003-063
003-064
003-066
003-068
003-074
003-076
003-078
003-079
003-084
003-093
003-115
003-136
004-011
004-015
004-018
004-021
005-001
005-008
005-009
005-010
005-011
005-014
005-021
005-037
005-046
005-047
005-053
005-060
005-061
005-076
005-079
005-084
005-087
005-089
005-097
005-101
005-102
005-149
006-004
006-005
006-008
007-006
007-007
007-010
007-011
008-005
008-007
008-009
012-002
012-003
012-021
012-022
014-012
015-002
015-005
015-006
015-037
015-039
015-065
015-079
015-086
015-097
016-010
016-017
017-003
017-021
019-006
019-030
019-033
019-046
020-002
020-038
023-017
023-022
023-028
011-144
616-119
014-013
711-088
305-002
711-090
409-001
711-149
616-177
615-203
616-206
615-301
711-124
123-000
712-018
616-160
708-701
001-156
616-097
001-239
711-059
001-414
711-170
004-016
616-191
010-009
011-031
014-028
616-159
015-080
613-033
020-025
711-320
020-036
711-082
021-032
616-182
006-013
202-012
202-036
616-183
203-006
711-054
004-022
208-069
209-062
711-051
302-041
615-290
001-122
304-031
309-006
615-204
310-009
616-073
312-023
616-042
010-041
312-026
019-050
316-019
015-101
320-017
402-032
708-070
501-086
711-232
003-134
503-037
506-055
605-258
509-013
708-034
604-016
605-266
322-020
605-001
605-104
608-017
609-028
708-176
605-110
610-007
605-277
616-061
701-202
708-085
702-043
708-171
708-232
708-433
009-002
708-319
506-067
708-320
003-067
708-325
020-001
709-013
014-007
202-048
616-089
712-044
616-096
616-102
010-027
711-179
609-083
616-019
611-033
616-020
616-376
708-247
708-286
708-406
611-029
708-203
201-079
605-057
211-047
708-295
209-055
609-131
201-072
708-391
005-007
211-009
211-018
301-044
301-045
605-189
605-224
616-050
710-113
708-459
211-007
001-099
001-127
018-009
019-009
711-040
409-011
708-477
708-520
003-092
708-291
211-050
322-024
708-288
607-006
708-416
021-025
305-005
320-033
708-185
708-404
402-015
616-232
616-231
708-394
603-096
616-066
616-186
210-049
312-039
320-009
616-129
711-344
211-054
711-071
019-024
711-188
0404-TNJ
0703-KAR
0824-LIN
1078-DAN
3026-YAR
3041-PAM
6051-YAS
6089-CAI
6386-JAY
6464-PAZ
9701-CRY
0610-AND
0610-DVA
3272-NAM
3272-NEM
8173-JOW
8173-JUL
708-253
6168-ADL
201-037
201-073
201-112
202-030
202-031
202-044
202-045
202-050
203-008
203-033
203-050
203-058
204-001
204-007
204-010
204-012
204-013
204-014
204-025
204-031
204-032
204-035
205-005
205-008
205-015
205-023
205-031
205-032
205-035
208-021
208-028
208-032
208-064
208-079
208-081
208-083
208-089
208-093
209-019
209-028
209-034
209-036
209-077
209-109
209-113
209-121
210-102
211-001
211-049
301-022
302-008
302-013
302-029
302-040
304-001
304-015
304-016
304-021
304-022
304-026
304-036
304-037
304-045
304-051
304-055
304-061
305-008
305-009
306-007
306-010
306-011
306-026
306-028
308-006
308-015
309-004
309-005
311-002
312-020
313-004
313-007
313-011
314-033
315-100
315-106
316-010
316-011
316-012
316-014
316-018
318-010
319-017
319-033
319-037
320-021
320-026
321-035
322-008
323-009
401-003
401-007
401-008
401-010
401-016
401-017
401-018
401-025
401-037
401-043
401-050
402-026
402-029
402-035
403-015
403-016
403-030
403-038
403-043
404-015
404-018
404-020
404-024
408-003
501-092
501-206
501-213
501-222
501-231
501-240
501-263
501-269
501-271
501-274
501-292
501-293
501-323
501-325
501-327
501-339
501-349
501-352
501-357
501-367
501-381
501-391
501-442
502-005
502-006
502-009
502-013
503-001
503-019
503-050
503-057
504-002
504-010
504-020
505-022
505-059
505-060
506-039
509-011
601-001
601-022
601-023
601-024
601-037
601-041
601-046
601-050
602-002
602-008
602-012
602-017
602-029
602-032
603-026
603-028
603-032
603-054
603-084
603-088
603-089
603-090
603-095
603-097
603-100
603-104
605-009
605-011
605-020
605-032
605-035
605-036
605-042
605-050
605-086
605-089
605-124
605-125
605-130
607-008
608-005
608-013
608-018
608-019
609-007
609-020
609-026
609-034
609-056
609-072
609-073
609-081
609-089
609-099
609-103
609-110
610-014
610-015
610-030
611-005
611-008
611-009
611-012
611-024
611-034
611-048
614-041
615-001
615-007
615-008
615-034
615-035
615-039
615-040
615-041
615-047
615-051
615-052
615-054
615-066
615-067
615-070
615-071
615-075
615-078
615-083
615-084
615-085
615-087
615-088
615-089
615-090
615-099
615-101
615-103
615-108
615-109
615-116
615-118
615-119
615-125
615-127
615-131
615-143
615-144
615-151
615-153
615-197
615-212
615-292
615-298
615-304
616-005
616-010
616-011
616-018
616-027
616-031
616-040
616-057
616-060
616-074
616-079
616-084
616-086
616-088
616-090
616-092
616-100
616-107
616-110
616-123
616-124
616-125
616-126
616-131
616-136
616-149
616-151
616-154
616-158
616-165
616-175
616-184
616-197
616-198
616-201
616-203
616-208
616-218
616-222
616-264
616-289
616-300
616-305
616-309
616-322
616-361
617-084
617-110
617-111
617-115
617-116
617-117
617-119
617-129
617-130
617-131
617-137
617-138
701-026
701-041
701-047
701-057
701-080
701-091
701-106
701-119
701-187
701-194
701-205
701-219
701-227
701-239
701-282
704-005
704-006
704-011
704-017
704-026
705-002
705-006
705-012
705-014
706-009
708-007
708-013
708-015
708-021
708-026
708-029
708-033
708-036
708-037
708-039
708-042
708-043
708-052
708-053
708-054
708-063
708-077
708-079
708-081
708-096
708-099
708-100
708-112
708-119
708-128
708-142
708-144
708-148
708-150
708-167
708-180
708-187
708-208
708-218
708-255
708-259
708-260
708-270
708-272
708-281
708-292
708-294
708-300
708-316
708-328
708-389
708-392
708-419
708-453
708-464
708-486
708-489
708-502
708-518
708-543
708-546
710-033
710-069
711-010
711-041
711-065
711-074
711-101
711-130
711-153
1015
1036
1042
1070
1125
1165
1166
1167
1173
1184
1245
1247
1263
1274
1295
1311
1316
1321
1349
1378
1384
1395
1441
1453
1529
1536
1541
1566
1569
1570
1571
1605
1670
1675
1677
1694
1721
1740
1777
1780
1785
1810
1864
1870
1871
1876
1903
1955
1977
2019
2041
2042
2044
2079
2110
2132
2146
2147
2189
2228
2271
2341
2347
2405
2461
2481
2485
2496
2566
2633
2706
2710
2749
2764
2803
2842
2906
2930
3026
3045
3050
3131
3175
3178
3185
3214
3280
3299
3325
3331
3347
3384
3385
3433
3447
3459
3493
3505
3521
3543
3568
3597
3602
3623
3658
3686
3711
3739
3785
3910
3943
3949
3955
3956
3969
3971
3976
3989
3993
4029
4084
4106
4127
4156
4163
4194
4199
4245
4274
4281
4284
4286
4291
4295
4313
4326
4364
4387
4391
4456
4470
4474
4489
4537
4554
4613
4617
4693
4696
4753
4762
4767
4798
4816
4822
4847
4870
4873
4880
4903
4926
5005
5074
5108
5111
5126
5140
5206
5209
5261
5288
5296
5334
5336
5363
5375
5382
5400
5413
5444
5445
5501
5516
5530
5536
5555
5557
5578
5597
5653
5668
5672
5689
5719
5741
5743
5803
5821
5843
5855
5858
5862
5868
5907
5939
5949
5979
5998
6013
6025
6027
6051
6063
6120
6121
6152
6154
6217
6223
6231
6288
6315
6336
6370
6380
6455
6462
6472
6490
6517
6570
6574
6595
6609
6622
6666
6676
6679
6708
6710
6712
6737
6770
6787
6809
6832
6912
6944
6962
6970
6983
7021
7057
7105
7108
7162
7165
7168
7169
7182
7230
7285
7288
7313
7336
7344
7352
7391
7394
7437
7444
7511
7548
7557
7569
7588
7604
7636
7676
7699
7700
7705
7720
7725
7731
7740
7828
7878
7914
7915
8020
8032
8042
8062
8097
8100
8136
8137
8187
8188
8189
8206
8217
8262
8271
8280
8284
8337
8354
8366
8367
8386
8399
8414
8431
8434
8442
8446
8498
8515
8519
8543
8608
8614
8621
8635
8641
8681
8685
8702
8753
8768
8789
8859
8862
8867
8887
8888
8893
8938
8941
8946
8987
8995
8996
9036
9101
9131
9138
9142
9162
9163
9177
9184
9189
9287
9305
9384
9433
9471
9477
9513
9537
9542
9544
9576
9619
9625
9657
9659
9662
9669
9673
9688
9692
9701
9750
9772
9800
9834
9836
9837
9847
9861
9911
9956
9961
9994
9999
